path: all/q_6_2.tt
path: all/q_6_2.tt
buckets_f: [{15, 5, 34, 3, 25, 27, 52, 14, 40, 21, 12, 9, 36, 55, 8, 53, 22, 62, 48, 6, 57, 42, 51, 29, 32, 46, 23, 28, 26, 47, 24, 16, 20, 35, 4, 43, 11, 18, 41, 38, 33, 49}, {17, 7, 44, 58, 45, 2, 61, 31, 56, 60, 13, 37, 63, 39, 1, 30, 10, 59, 54, 50, 19}, {0}]
buckets_g: [{16, 47, 18, 26, 22, 48, 12, 9, 53, 40, 41, 11, 25, 21, 23, 28, 38, 29, 5, 49, 36, 57, 8, 51, 4, 15, 55, 62, 6, 33, 32, 43, 46, 14, 24, 35, 20, 52, 3, 27, 42, 34}, {1, 13, 54, 60, 63, 10, 44, 30, 31, 56, 7, 2, 50, 17, 61, 19, 58, 37, 59, 39, 45}, {0}]
indices_f: [2, 1, 1, 0, 0, 0, 0, 1, 0, 0, 1, 0, 0, 1, 0, 0, 0, 1, 0, 1, 0, 0, 0, 0, 0, 0, 0, 0, 0, 0, 1, 1, 0, 0, 0, 0, 0, 1, 0, 1, 0, 0, 0, 0, 1, 1, 0, 0, 0, 0, 1, 0, 0, 0, 1, 0, 1, 0, 1, 1, 1, 1, 0, 1]
indices_g: [2, 1, 1, 0, 0, 0, 0, 1, 0, 0, 1, 0, 0, 1, 0, 0, 0, 1, 0, 1, 0, 0, 0, 0, 0, 0, 0, 0, 0, 0, 1, 1, 0, 0, 0, 0, 0, 1, 0, 1, 0, 0, 0, 0, 1, 1, 0, 0, 0, 0, 1, 0, 0, 0, 1, 0, 1, 0, 1, 1, 1, 1, 0, 1]
buckets are valid
L1: [0, 10, 1, 11, 26, 16, 27, 17, 18, 24, 19, 25, 8, 2, 9, 3, 49, 59, 48, 58, 43, 33, 42, 32, 35, 41, 34, 40, 57, 51, 56, 50, 15, 5, 14, 4, 21, 31, 20, 30, 29, 23, 28, 22, 7, 13, 6, 12, 62, 52, 63, 53, 36, 46, 37, 47, 44, 38, 45, 39, 54, 60, 55, 61]
L2: [0, 32, 25, 57, 38, 6, 63, 31, 37, 5, 60, 28, 3, 35, 26, 58, 43, 11, 50, 18, 13, 45, 20, 52, 14, 46, 23, 55, 40, 8, 49, 17, 48, 16, 41, 9, 22, 54, 15, 47, 21, 53, 12, 44, 51, 19, 42, 10, 27, 59, 2, 34, 61, 29, 36, 4, 62, 30, 39, 7, 24, 56, 1, 33]
A: [0, 0, 0, 0, 0, 0, 0, 0, 0, 0, 0, 0, 0, 0, 0, 0, 0, 0, 0, 0, 0, 0, 0, 0, 0, 0, 0, 0, 0, 0, 0, 0, 0, 0, 0, 0, 0, 0, 0, 0, 0, 0, 0, 0, 0, 0, 0, 0, 0, 0, 0, 0, 0, 0, 0, 0, 0, 0, 0, 0, 0, 0, 0, 0]


L1: [0, 37, 60, 25, 20, 49, 40, 13, 14, 43, 50, 23, 26, 63, 38, 3, 36, 1, 24, 61, 48, 21, 12, 41, 42, 15, 22, 51, 62, 27, 2, 39, 32, 5, 28, 57, 52, 17, 8, 45, 46, 11, 18, 55, 58, 31, 6, 35, 4, 33, 56, 29, 16, 53, 44, 9, 10, 47, 54, 19, 30, 59, 34, 7]
L2: [0, 6, 62, 56, 5, 3, 59, 61, 31, 25, 33, 39, 26, 28, 36, 34, 2, 4, 60, 58, 7, 1, 57, 63, 29, 27, 35, 37, 24, 30, 38, 32, 43, 45, 21, 19, 46, 40, 16, 22, 52, 50, 10, 12, 49, 55, 15, 9, 41, 47, 23, 17, 44, 42, 18, 20, 54, 48, 8, 14, 51, 53, 13, 11]
A: [0, 0, 0, 0, 0, 0, 0, 0, 0, 0, 0, 0, 0, 0, 0, 0, 0, 0, 0, 0, 0, 0, 0, 0, 0, 0, 0, 0, 0, 0, 0, 0, 0, 0, 0, 0, 0, 0, 0, 0, 0, 0, 0, 0, 0, 0, 0, 0, 0, 0, 0, 0, 0, 0, 0, 0, 0, 0, 0, 0, 0, 0, 0, 0]


L1: [0, 10, 1, 11, 26, 16, 27, 17, 18, 24, 19, 25, 8, 2, 9, 3, 49, 59, 48, 58, 43, 33, 42, 32, 35, 41, 34, 40, 57, 51, 56, 50, 15, 5, 14, 4, 21, 31, 20, 30, 29, 23, 28, 22, 7, 13, 6, 12, 62, 52, 63, 53, 36, 46, 37, 47, 44, 38, 45, 39, 54, 60, 55, 61]
L2: [0, 26, 40, 50, 62, 36, 22, 12, 44, 54, 4, 30, 18, 8, 58, 32, 35, 57, 11, 17, 29, 7, 53, 47, 15, 21, 39, 61, 49, 43, 25, 3, 23, 13, 63, 37, 41, 51, 1, 27, 59, 33, 19, 9, 5, 31, 45, 55, 52, 46, 28, 6, 10, 16, 34, 56, 24, 2, 48, 42, 38, 60, 14, 20]
A: [0, 0, 0, 0, 0, 0, 0, 0, 0, 0, 0, 0, 0, 0, 0, 0, 0, 0, 0, 0, 0, 0, 0, 0, 0, 0, 0, 0, 0, 0, 0, 0, 0, 0, 0, 0, 0, 0, 0, 0, 0, 0, 0, 0, 0, 0, 0, 0, 0, 0, 0, 0, 0, 0, 0, 0, 0, 0, 0, 0, 0, 0, 0, 0]


L1: [0, 10, 1, 11, 26, 16, 27, 17, 18, 24, 19, 25, 8, 2, 9, 3, 49, 59, 48, 58, 43, 33, 42, 32, 35, 41, 34, 40, 57, 51, 56, 50, 15, 5, 14, 4, 21, 31, 20, 30, 29, 23, 28, 22, 7, 13, 6, 12, 62, 52, 63, 53, 36, 46, 37, 47, 44, 38, 45, 39, 54, 60, 55, 61]
L2: [0, 58, 49, 11, 24, 34, 41, 19, 9, 51, 56, 2, 17, 43, 32, 26, 8, 50, 57, 3, 16, 42, 33, 27, 1, 59, 48, 10, 25, 35, 40, 18, 39, 29, 22, 44, 63, 5, 14, 52, 46, 20, 31, 37, 54, 12, 7, 61, 47, 21, 30, 36, 55, 13, 6, 60, 38, 28, 23, 45, 62, 4, 15, 53]
A: [0, 0, 0, 0, 0, 0, 0, 0, 0, 0, 0, 0, 0, 0, 0, 0, 0, 0, 0, 0, 0, 0, 0, 0, 0, 0, 0, 0, 0, 0, 0, 0, 0, 0, 0, 0, 0, 0, 0, 0, 0, 0, 0, 0, 0, 0, 0, 0, 0, 0, 0, 0, 0, 0, 0, 0, 0, 0, 0, 0, 0, 0, 0, 0]


L1: [0, 37, 60, 25, 20, 49, 40, 13, 14, 43, 50, 23, 26, 63, 38, 3, 36, 1, 24, 61, 48, 21, 12, 41, 42, 15, 22, 51, 62, 27, 2, 39, 32, 5, 28, 57, 52, 17, 8, 45, 46, 11, 18, 55, 58, 31, 6, 35, 4, 33, 56, 29, 16, 53, 44, 9, 10, 47, 54, 19, 30, 59, 34, 7]
L2: [0, 36, 24, 60, 54, 18, 46, 10, 12, 40, 20, 48, 58, 30, 34, 6, 28, 56, 4, 32, 42, 14, 50, 22, 16, 52, 8, 44, 38, 2, 62, 26, 35, 7, 59, 31, 21, 49, 13, 41, 47, 11, 55, 19, 25, 61, 1, 37, 63, 27, 39, 3, 9, 45, 17, 53, 51, 23, 43, 15, 5, 33, 29, 57]
A: [0, 0, 0, 0, 0, 0, 0, 0, 0, 0, 0, 0, 0, 0, 0, 0, 0, 0, 0, 0, 0, 0, 0, 0, 0, 0, 0, 0, 0, 0, 0, 0, 0, 0, 0, 0, 0, 0, 0, 0, 0, 0, 0, 0, 0, 0, 0, 0, 0, 0, 0, 0, 0, 0, 0, 0, 0, 0, 0, 0, 0, 0, 0, 0]


L1: [0, 37, 60, 25, 20, 49, 40, 13, 14, 43, 50, 23, 26, 63, 38, 3, 36, 1, 24, 61, 48, 21, 12, 41, 42, 15, 22, 51, 62, 27, 2, 39, 32, 5, 28, 57, 52, 17, 8, 45, 46, 11, 18, 55, 58, 31, 6, 35, 4, 33, 56, 29, 16, 53, 44, 9, 10, 47, 54, 19, 30, 59, 34, 7]
L2: [0, 34, 38, 4, 51, 17, 21, 55, 19, 49, 53, 23, 32, 2, 6, 36, 30, 60, 56, 26, 45, 15, 11, 41, 13, 47, 43, 9, 62, 28, 24, 58, 8, 42, 46, 12, 59, 25, 29, 63, 27, 57, 61, 31, 40, 10, 14, 44, 22, 52, 48, 18, 37, 7, 3, 33, 5, 39, 35, 1, 54, 20, 16, 50]
A: [0, 0, 0, 0, 0, 0, 0, 0, 0, 0, 0, 0, 0, 0, 0, 0, 0, 0, 0, 0, 0, 0, 0, 0, 0, 0, 0, 0, 0, 0, 0, 0, 0, 0, 0, 0, 0, 0, 0, 0, 0, 0, 0, 0, 0, 0, 0, 0, 0, 0, 0, 0, 0, 0, 0, 0, 0, 0, 0, 0, 0, 0, 0, 0]


L1: [0, 19, 10, 25, 34, 49, 40, 59, 48, 35, 58, 41, 18, 1, 24, 11, 52, 39, 62, 45, 22, 5, 28, 15, 4, 23, 14, 29, 38, 53, 44, 63, 3, 16, 9, 26, 33, 50, 43, 56, 51, 32, 57, 42, 17, 2, 27, 8, 55, 36, 61, 46, 21, 6, 31, 12, 7, 20, 13, 30, 37, 54, 47, 60]
L2: [0, 39, 59, 28, 14, 41, 53, 18, 5, 34, 62, 25, 11, 44, 48, 23, 37, 2, 30, 57, 43, 12, 16, 55, 32, 7, 27, 60, 46, 9, 21, 50, 47, 8, 20, 51, 33, 6, 26, 61, 42, 13, 17, 54, 36, 3, 31, 56, 10, 45, 49, 22, 4, 35, 63, 24, 15, 40, 52, 19, 1, 38, 58, 29]
A: [0, 0, 0, 0, 0, 0, 0, 0, 0, 0, 0, 0, 0, 0, 0, 0, 0, 0, 0, 0, 0, 0, 0, 0, 0, 0, 0, 0, 0, 0, 0, 0, 0, 0, 0, 0, 0, 0, 0, 0, 0, 0, 0, 0, 0, 0, 0, 0, 0, 0, 0, 0, 0, 0, 0, 0, 0, 0, 0, 0, 0, 0, 0, 0]


L1: [0, 19, 10, 25, 34, 49, 40, 59, 48, 35, 58, 41, 18, 1, 24, 11, 52, 39, 62, 45, 22, 5, 28, 15, 4, 23, 14, 29, 38, 53, 44, 63, 3, 16, 9, 26, 33, 50, 43, 56, 51, 32, 57, 42, 17, 2, 27, 8, 55, 36, 61, 46, 21, 6, 31, 12, 7, 20, 13, 30, 37, 54, 47, 60]
L2: [0, 48, 46, 30, 15, 63, 33, 17, 54, 6, 24, 40, 57, 9, 23, 39, 44, 28, 2, 50, 35, 19, 13, 61, 26, 42, 52, 4, 21, 37, 59, 11, 27, 43, 53, 5, 20, 36, 58, 10, 45, 29, 3, 51, 34, 18, 12, 60, 55, 7, 25, 41, 56, 8, 22, 38, 1, 49, 47, 31, 14, 62, 32, 16]
A: [0, 0, 0, 0, 0, 0, 0, 0, 0, 0, 0, 0, 0, 0, 0, 0, 0, 0, 0, 0, 0, 0, 0, 0, 0, 0, 0, 0, 0, 0, 0, 0, 0, 0, 0, 0, 0, 0, 0, 0, 0, 0, 0, 0, 0, 0, 0, 0, 0, 0, 0, 0, 0, 0, 0, 0, 0, 0, 0, 0, 0, 0, 0, 0]


L1: [0, 19, 10, 25, 34, 49, 40, 59, 48, 35, 58, 41, 18, 1, 24, 11, 52, 39, 62, 45, 22, 5, 28, 15, 4, 23, 14, 29, 38, 53, 44, 63, 3, 16, 9, 26, 33, 50, 43, 56, 51, 32, 57, 42, 17, 2, 27, 8, 55, 36, 61, 46, 21, 6, 31, 12, 7, 20, 13, 30, 37, 54, 47, 60]
L2: [0, 23, 21, 2, 1, 22, 20, 3, 51, 36, 38, 49, 50, 37, 39, 48, 9, 30, 28, 11, 8, 31, 29, 10, 58, 45, 47, 56, 59, 44, 46, 57, 52, 35, 33, 54, 53, 34, 32, 55, 7, 16, 18, 5, 6, 17, 19, 4, 61, 42, 40, 63, 60, 43, 41, 62, 14, 25, 27, 12, 15, 24, 26, 13]
A: [0, 0, 0, 0, 0, 0, 0, 0, 0, 0, 0, 0, 0, 0, 0, 0, 0, 0, 0, 0, 0, 0, 0, 0, 0, 0, 0, 0, 0, 0, 0, 0, 0, 0, 0, 0, 0, 0, 0, 0, 0, 0, 0, 0, 0, 0, 0, 0, 0, 0, 0, 0, 0, 0, 0, 0, 0, 0, 0, 0, 0, 0, 0, 0]


L1: [0, 30, 7, 25, 47, 49, 40, 54, 22, 8, 17, 15, 57, 39, 62, 32, 33, 63, 38, 56, 14, 16, 9, 23, 55, 41, 48, 46, 24, 6, 31, 1, 11, 21, 12, 18, 36, 58, 35, 61, 29, 3, 26, 4, 50, 44, 53, 43, 42, 52, 45, 51, 5, 27, 2, 28, 60, 34, 59, 37, 19, 13, 20, 10]
L2: [0, 40, 33, 9, 31, 55, 62, 22, 15, 39, 46, 6, 16, 56, 49, 25, 4, 44, 37, 13, 27, 51, 58, 18, 11, 35, 42, 2, 20, 60, 53, 29, 7, 47, 38, 14, 24, 48, 57, 17, 8, 32, 41, 1, 23, 63, 54, 30, 3, 43, 34, 10, 28, 52, 61, 21, 12, 36, 45, 5, 19, 59, 50, 26]
A: [0, 0, 0, 0, 0, 0, 0, 0, 0, 0, 0, 0, 0, 0, 0, 0, 0, 0, 0, 0, 0, 0, 0, 0, 0, 0, 0, 0, 0, 0, 0, 0, 0, 0, 0, 0, 0, 0, 0, 0, 0, 0, 0, 0, 0, 0, 0, 0, 0, 0, 0, 0, 0, 0, 0, 0, 0, 0, 0, 0, 0, 0, 0, 0]


L1: [0, 30, 7, 25, 47, 49, 40, 54, 22, 8, 17, 15, 57, 39, 62, 32, 33, 63, 38, 56, 14, 16, 9, 23, 55, 41, 48, 46, 24, 6, 31, 1, 11, 21, 12, 18, 36, 58, 35, 61, 29, 3, 26, 4, 50, 44, 53, 43, 42, 52, 45, 51, 5, 27, 2, 28, 60, 34, 59, 37, 19, 13, 20, 10]
L2: [0, 49, 20, 37, 12, 61, 24, 41, 1, 48, 21, 36, 13, 60, 25, 40, 56, 9, 44, 29, 52, 5, 32, 17, 57, 8, 45, 28, 53, 4, 33, 16, 42, 27, 62, 15, 38, 23, 50, 3, 43, 26, 63, 14, 39, 22, 51, 2, 18, 35, 6, 55, 30, 47, 10, 59, 19, 34, 7, 54, 31, 46, 11, 58]
A: [0, 0, 0, 0, 0, 0, 0, 0, 0, 0, 0, 0, 0, 0, 0, 0, 0, 0, 0, 0, 0, 0, 0, 0, 0, 0, 0, 0, 0, 0, 0, 0, 0, 0, 0, 0, 0, 0, 0, 0, 0, 0, 0, 0, 0, 0, 0, 0, 0, 0, 0, 0, 0, 0, 0, 0, 0, 0, 0, 0, 0, 0, 0, 0]


L1: [0, 30, 7, 25, 47, 49, 40, 54, 22, 8, 17, 15, 57, 39, 62, 32, 33, 63, 38, 56, 14, 16, 9, 23, 55, 41, 48, 46, 24, 6, 31, 1, 11, 21, 12, 18, 36, 58, 35, 61, 29, 3, 26, 4, 50, 44, 53, 43, 42, 52, 45, 51, 5, 27, 2, 28, 60, 34, 59, 37, 19, 13, 20, 10]
L2: [0, 25, 53, 44, 19, 10, 38, 63, 14, 23, 59, 34, 29, 4, 40, 49, 60, 37, 9, 16, 47, 54, 26, 3, 50, 43, 7, 30, 33, 56, 20, 13, 45, 52, 24, 1, 62, 39, 11, 18, 35, 58, 22, 15, 48, 41, 5, 28, 17, 8, 36, 61, 2, 27, 55, 46, 31, 6, 42, 51, 12, 21, 57, 32]
A: [0, 0, 0, 0, 0, 0, 0, 0, 0, 0, 0, 0, 0, 0, 0, 0, 0, 0, 0, 0, 0, 0, 0, 0, 0, 0, 0, 0, 0, 0, 0, 0, 0, 0, 0, 0, 0, 0, 0, 0, 0, 0, 0, 0, 0, 0, 0, 0, 0, 0, 0, 0, 0, 0, 0, 0, 0, 0, 0, 0, 0, 0, 0, 0]


L1: [0, 59, 56, 3, 62, 5, 6, 61, 20, 47, 44, 23, 42, 17, 18, 41, 36, 31, 28, 39, 26, 33, 34, 25, 48, 11, 8, 51, 14, 53, 54, 13, 15, 52, 55, 12, 49, 10, 9, 50, 27, 32, 35, 24, 37, 30, 29, 38, 43, 16, 19, 40, 21, 46, 45, 22, 63, 4, 7, 60, 1, 58, 57, 2]
L2: [0, 31, 9, 22, 30, 1, 23, 8, 27, 4, 18, 13, 5, 26, 12, 19, 32, 63, 41, 54, 62, 33, 55, 40, 59, 36, 50, 45, 37, 58, 44, 51, 57, 38, 48, 47, 39, 56, 46, 49, 34, 61, 43, 52, 60, 35, 53, 42, 25, 6, 16, 15, 7, 24, 14, 17, 2, 29, 11, 20, 28, 3, 21, 10]
A: [0, 0, 0, 0, 0, 0, 0, 0, 0, 0, 0, 0, 0, 0, 0, 0, 0, 0, 0, 0, 0, 0, 0, 0, 0, 0, 0, 0, 0, 0, 0, 0, 0, 0, 0, 0, 0, 0, 0, 0, 0, 0, 0, 0, 0, 0, 0, 0, 0, 0, 0, 0, 0, 0, 0, 0, 0, 0, 0, 0, 0, 0, 0, 0]


L1: [0, 59, 56, 3, 62, 5, 6, 61, 20, 47, 44, 23, 42, 17, 18, 41, 36, 31, 28, 39, 26, 33, 34, 25, 48, 11, 8, 51, 14, 53, 54, 13, 15, 52, 55, 12, 49, 10, 9, 50, 27, 32, 35, 24, 37, 30, 29, 38, 43, 16, 19, 40, 21, 46, 45, 22, 63, 4, 7, 60, 1, 58, 57, 2]
L2: [0, 19, 44, 63, 28, 15, 48, 35, 47, 60, 3, 16, 51, 32, 31, 12, 58, 41, 22, 5, 38, 53, 10, 25, 21, 6, 57, 42, 9, 26, 37, 54, 11, 24, 39, 52, 23, 4, 59, 40, 36, 55, 8, 27, 56, 43, 20, 7, 49, 34, 29, 14, 45, 62, 1, 18, 30, 13, 50, 33, 2, 17, 46, 61]
A: [0, 0, 0, 0, 0, 0, 0, 0, 0, 0, 0, 0, 0, 0, 0, 0, 0, 0, 0, 0, 0, 0, 0, 0, 0, 0, 0, 0, 0, 0, 0, 0, 0, 0, 0, 0, 0, 0, 0, 0, 0, 0, 0, 0, 0, 0, 0, 0, 0, 0, 0, 0, 0, 0, 0, 0, 0, 0, 0, 0, 0, 0, 0, 0]


L1: [0, 59, 56, 3, 62, 5, 6, 61, 20, 47, 44, 23, 42, 17, 18, 41, 36, 31, 28, 39, 26, 33, 34, 25, 48, 11, 8, 51, 14, 53, 54, 13, 15, 52, 55, 12, 49, 10, 9, 50, 27, 32, 35, 24, 37, 30, 29, 38, 43, 16, 19, 40, 21, 46, 45, 22, 63, 4, 7, 60, 1, 58, 57, 2]
L2: [0, 12, 37, 41, 2, 14, 39, 43, 52, 56, 17, 29, 54, 58, 19, 31, 26, 22, 63, 51, 24, 20, 61, 49, 46, 34, 11, 7, 44, 32, 9, 5, 50, 62, 23, 27, 48, 60, 21, 25, 6, 10, 35, 47, 4, 8, 33, 45, 40, 36, 13, 1, 42, 38, 15, 3, 28, 16, 57, 53, 30, 18, 59, 55]
A: [0, 0, 0, 0, 0, 0, 0, 0, 0, 0, 0, 0, 0, 0, 0, 0, 0, 0, 0, 0, 0, 0, 0, 0, 0, 0, 0, 0, 0, 0, 0, 0, 0, 0, 0, 0, 0, 0, 0, 0, 0, 0, 0, 0, 0, 0, 0, 0, 0, 0, 0, 0, 0, 0, 0, 0, 0, 0, 0, 0, 0, 0, 0, 0]


L1: [0, 1, 2, 3, 4, 5, 6, 7, 8, 9, 10, 11, 12, 13, 14, 15, 16, 17, 18, 19, 20, 21, 22, 23, 24, 25, 26, 27, 28, 29, 30, 31, 32, 33, 34, 35, 36, 37, 38, 39, 40, 41, 42, 43, 44, 45, 46, 47, 48, 49, 50, 51, 52, 53, 54, 55, 56, 57, 58, 59, 60, 61, 62, 63]
L2: [0, 1, 2, 3, 4, 5, 6, 7, 8, 9, 10, 11, 12, 13, 14, 15, 16, 17, 18, 19, 20, 21, 22, 23, 24, 25, 26, 27, 28, 29, 30, 31, 32, 33, 34, 35, 36, 37, 38, 39, 40, 41, 42, 43, 44, 45, 46, 47, 48, 49, 50, 51, 52, 53, 54, 55, 56, 57, 58, 59, 60, 61, 62, 63]
A: [0, 0, 0, 0, 0, 0, 0, 0, 0, 0, 0, 0, 0, 0, 0, 0, 0, 0, 0, 0, 0, 0, 0, 0, 0, 0, 0, 0, 0, 0, 0, 0, 0, 0, 0, 0, 0, 0, 0, 0, 0, 0, 0, 0, 0, 0, 0, 0, 0, 0, 0, 0, 0, 0, 0, 0, 0, 0, 0, 0, 0, 0, 0, 0]


L1: [0, 1, 2, 3, 4, 5, 6, 7, 8, 9, 10, 11, 12, 13, 14, 15, 16, 17, 18, 19, 20, 21, 22, 23, 24, 25, 26, 27, 28, 29, 30, 31, 32, 33, 34, 35, 36, 37, 38, 39, 40, 41, 42, 43, 44, 45, 46, 47, 48, 49, 50, 51, 52, 53, 54, 55, 56, 57, 58, 59, 60, 61, 62, 63]
L2: [0, 14, 28, 18, 56, 54, 36, 42, 43, 37, 55, 57, 19, 29, 15, 1, 13, 3, 17, 31, 53, 59, 41, 39, 38, 40, 58, 52, 30, 16, 2, 12, 26, 20, 6, 8, 34, 44, 62, 48, 49, 63, 45, 35, 9, 7, 21, 27, 23, 25, 11, 5, 47, 33, 51, 61, 60, 50, 32, 46, 4, 10, 24, 22]
A: [0, 0, 0, 0, 0, 0, 0, 0, 0, 0, 0, 0, 0, 0, 0, 0, 0, 0, 0, 0, 0, 0, 0, 0, 0, 0, 0, 0, 0, 0, 0, 0, 0, 0, 0, 0, 0, 0, 0, 0, 0, 0, 0, 0, 0, 0, 0, 0, 0, 0, 0, 0, 0, 0, 0, 0, 0, 0, 0, 0, 0, 0, 0, 0]


L1: [0, 1, 2, 3, 4, 5, 6, 7, 8, 9, 10, 11, 12, 13, 14, 15, 16, 17, 18, 19, 20, 21, 22, 23, 24, 25, 26, 27, 28, 29, 30, 31, 32, 33, 34, 35, 36, 37, 38, 39, 40, 41, 42, 43, 44, 45, 46, 47, 48, 49, 50, 51, 52, 53, 54, 55, 56, 57, 58, 59, 60, 61, 62, 63]
L2: [0, 15, 30, 17, 60, 51, 34, 45, 35, 44, 61, 50, 31, 16, 1, 14, 29, 18, 3, 12, 33, 46, 63, 48, 62, 49, 32, 47, 2, 13, 28, 19, 58, 53, 36, 43, 6, 9, 24, 23, 25, 22, 7, 8, 37, 42, 59, 52, 39, 40, 57, 54, 27, 20, 5, 10, 4, 11, 26, 21, 56, 55, 38, 41]
A: [0, 0, 0, 0, 0, 0, 0, 0, 0, 0, 0, 0, 0, 0, 0, 0, 0, 0, 0, 0, 0, 0, 0, 0, 0, 0, 0, 0, 0, 0, 0, 0, 0, 0, 0, 0, 0, 0, 0, 0, 0, 0, 0, 0, 0, 0, 0, 0, 0, 0, 0, 0, 0, 0, 0, 0, 0, 0, 0, 0, 0, 0, 0, 0]


L1: [0, 7, 39, 32, 18, 21, 53, 50, 57, 62, 30, 25, 43, 44, 12, 11, 49, 54, 22, 17, 35, 36, 4, 3, 8, 15, 47, 40, 26, 29, 61, 58, 23, 16, 48, 55, 5, 2, 34, 37, 46, 41, 9, 14, 60, 59, 27, 28, 38, 33, 1, 6, 52, 51, 19, 20, 31, 24, 56, 63, 13, 10, 42, 45]
L2: [0, 30, 22, 8, 42, 52, 60, 34, 62, 32, 40, 54, 20, 10, 2, 28, 61, 35, 43, 53, 23, 9, 1, 31, 3, 29, 21, 11, 41, 55, 63, 33, 46, 48, 56, 38, 4, 26, 18, 12, 16, 14, 6, 24, 58, 36, 44, 50, 19, 13, 5, 27, 57, 39, 47, 49, 45, 51, 59, 37, 7, 25, 17, 15]
A: [0, 0, 0, 0, 0, 0, 0, 0, 0, 0, 0, 0, 0, 0, 0, 0, 0, 0, 0, 0, 0, 0, 0, 0, 0, 0, 0, 0, 0, 0, 0, 0, 0, 0, 0, 0, 0, 0, 0, 0, 0, 0, 0, 0, 0, 0, 0, 0, 0, 0, 0, 0, 0, 0, 0, 0, 0, 0, 0, 0, 0, 0, 0, 0]


L1: [0, 7, 39, 32, 18, 21, 53, 50, 57, 62, 30, 25, 43, 44, 12, 11, 49, 54, 22, 17, 35, 36, 4, 3, 8, 15, 47, 40, 26, 29, 61, 58, 23, 16, 48, 55, 5, 2, 34, 37, 46, 41, 9, 14, 60, 59, 27, 28, 38, 33, 1, 6, 52, 51, 19, 20, 31, 24, 56, 63, 13, 10, 42, 45]
L2: [0, 2, 41, 43, 45, 47, 4, 6, 24, 26, 49, 51, 53, 55, 28, 30, 10, 8, 35, 33, 39, 37, 14, 12, 18, 16, 59, 57, 63, 61, 22, 20, 21, 23, 60, 62, 56, 58, 17, 19, 13, 15, 36, 38, 32, 34, 9, 11, 31, 29, 54, 52, 50, 48, 27, 25, 7, 5, 46, 44, 42, 40, 3, 1]
A: [0, 0, 0, 0, 0, 0, 0, 0, 0, 0, 0, 0, 0, 0, 0, 0, 0, 0, 0, 0, 0, 0, 0, 0, 0, 0, 0, 0, 0, 0, 0, 0, 0, 0, 0, 0, 0, 0, 0, 0, 0, 0, 0, 0, 0, 0, 0, 0, 0, 0, 0, 0, 0, 0, 0, 0, 0, 0, 0, 0, 0, 0, 0, 0]


L1: [0, 7, 39, 32, 18, 21, 53, 50, 57, 62, 30, 25, 43, 44, 12, 11, 49, 54, 22, 17, 35, 36, 4, 3, 8, 15, 47, 40, 26, 29, 61, 58, 23, 16, 48, 55, 5, 2, 34, 37, 46, 41, 9, 14, 60, 59, 27, 28, 38, 33, 1, 6, 52, 51, 19, 20, 31, 24, 56, 63, 13, 10, 42, 45]
L2: [0, 28, 63, 35, 7, 27, 56, 36, 38, 58, 25, 5, 33, 61, 30, 2, 55, 43, 8, 20, 48, 44, 15, 19, 17, 13, 46, 50, 22, 10, 41, 53, 59, 39, 4, 24, 60, 32, 3, 31, 29, 1, 34, 62, 26, 6, 37, 57, 12, 16, 51, 47, 11, 23, 52, 40, 42, 54, 21, 9, 45, 49, 18, 14]
A: [0, 0, 0, 0, 0, 0, 0, 0, 0, 0, 0, 0, 0, 0, 0, 0, 0, 0, 0, 0, 0, 0, 0, 0, 0, 0, 0, 0, 0, 0, 0, 0, 0, 0, 0, 0, 0, 0, 0, 0, 0, 0, 0, 0, 0, 0, 0, 0, 0, 0, 0, 0, 0, 0, 0, 0, 0, 0, 0, 0, 0, 0, 0, 0]


L1: [0, 58, 19, 41, 14, 52, 29, 39, 62, 4, 45, 23, 48, 10, 35, 25, 36, 30, 55, 13, 42, 16, 57, 3, 26, 32, 9, 51, 20, 46, 7, 61, 11, 49, 24, 34, 5, 63, 22, 44, 53, 15, 38, 28, 59, 1, 40, 18, 47, 21, 60, 6, 33, 27, 50, 8, 17, 43, 2, 56, 31, 37, 12, 54]
L2: [0, 47, 7, 40, 26, 53, 29, 50, 6, 41, 1, 46, 28, 51, 27, 52, 54, 25, 49, 30, 44, 3, 43, 4, 48, 31, 55, 24, 42, 5, 45, 2, 10, 37, 13, 34, 16, 63, 23, 56, 12, 35, 11, 36, 22, 57, 17, 62, 60, 19, 59, 20, 38, 9, 33, 14, 58, 21, 61, 18, 32, 15, 39, 8]
A: [0, 0, 0, 0, 0, 0, 0, 0, 0, 0, 0, 0, 0, 0, 0, 0, 0, 0, 0, 0, 0, 0, 0, 0, 0, 0, 0, 0, 0, 0, 0, 0, 0, 0, 0, 0, 0, 0, 0, 0, 0, 0, 0, 0, 0, 0, 0, 0, 0, 0, 0, 0, 0, 0, 0, 0, 0, 0, 0, 0, 0, 0, 0, 0]


L1: [0, 58, 19, 41, 14, 52, 29, 39, 62, 4, 45, 23, 48, 10, 35, 25, 36, 30, 55, 13, 42, 16, 57, 3, 26, 32, 9, 51, 20, 46, 7, 61, 11, 49, 24, 34, 5, 63, 22, 44, 53, 15, 38, 28, 59, 1, 40, 18, 47, 21, 60, 6, 33, 27, 50, 8, 17, 43, 2, 56, 31, 37, 12, 54]
L2: [0, 52, 45, 25, 32, 20, 13, 57, 34, 22, 15, 59, 2, 54, 47, 27, 5, 49, 40, 28, 37, 17, 8, 60, 39, 19, 10, 62, 7, 51, 42, 30, 61, 9, 16, 36, 29, 41, 48, 4, 31, 43, 50, 6, 63, 11, 18, 38, 56, 12, 21, 33, 24, 44, 53, 1, 26, 46, 55, 3, 58, 14, 23, 35]
A: [0, 0, 0, 0, 0, 0, 0, 0, 0, 0, 0, 0, 0, 0, 0, 0, 0, 0, 0, 0, 0, 0, 0, 0, 0, 0, 0, 0, 0, 0, 0, 0, 0, 0, 0, 0, 0, 0, 0, 0, 0, 0, 0, 0, 0, 0, 0, 0, 0, 0, 0, 0, 0, 0, 0, 0, 0, 0, 0, 0, 0, 0, 0, 0]


L1: [0, 58, 19, 41, 14, 52, 29, 39, 62, 4, 45, 23, 48, 10, 35, 25, 36, 30, 55, 13, 42, 16, 57, 3, 26, 32, 9, 51, 20, 46, 7, 61, 11, 49, 24, 34, 5, 63, 22, 44, 53, 15, 38, 28, 59, 1, 40, 18, 47, 21, 60, 6, 33, 27, 50, 8, 17, 43, 2, 56, 31, 37, 12, 54]
L2: [0, 27, 42, 49, 58, 33, 16, 11, 36, 63, 14, 21, 30, 5, 52, 47, 51, 40, 25, 2, 9, 18, 35, 56, 23, 12, 61, 38, 45, 54, 7, 28, 55, 44, 29, 6, 13, 22, 39, 60, 19, 8, 57, 34, 41, 50, 3, 24, 4, 31, 46, 53, 62, 37, 20, 15, 32, 59, 10, 17, 26, 1, 48, 43]
A: [0, 0, 0, 0, 0, 0, 0, 0, 0, 0, 0, 0, 0, 0, 0, 0, 0, 0, 0, 0, 0, 0, 0, 0, 0, 0, 0, 0, 0, 0, 0, 0, 0, 0, 0, 0, 0, 0, 0, 0, 0, 0, 0, 0, 0, 0, 0, 0, 0, 0, 0, 0, 0, 0, 0, 0, 0, 0, 0, 0, 0, 0, 0, 0]


L1: [0, 2, 13, 15, 35, 33, 46, 44, 12, 14, 1, 3, 47, 45, 34, 32, 5, 7, 8, 10, 38, 36, 43, 41, 9, 11, 4, 6, 42, 40, 39, 37, 23, 21, 26, 24, 52, 54, 57, 59, 27, 25, 22, 20, 56, 58, 53, 55, 18, 16, 31, 29, 49, 51, 60, 62, 30, 28, 19, 17, 61, 63, 48, 50]
L2: [0, 24, 11, 19, 61, 37, 54, 46, 16, 8, 27, 3, 45, 53, 38, 62, 20, 12, 31, 7, 41, 49, 34, 58, 4, 28, 15, 23, 57, 33, 50, 42, 14, 22, 5, 29, 51, 43, 56, 32, 30, 6, 21, 13, 35, 59, 40, 48, 26, 2, 17, 9, 39, 63, 44, 52, 10, 18, 1, 25, 55, 47, 60, 36]
A: [0, 0, 0, 0, 0, 0, 0, 0, 0, 0, 0, 0, 0, 0, 0, 0, 0, 0, 0, 0, 0, 0, 0, 0, 0, 0, 0, 0, 0, 0, 0, 0, 0, 0, 0, 0, 0, 0, 0, 0, 0, 0, 0, 0, 0, 0, 0, 0, 0, 0, 0, 0, 0, 0, 0, 0, 0, 0, 0, 0, 0, 0, 0, 0]


L1: [0, 2, 13, 15, 35, 33, 46, 44, 12, 14, 1, 3, 47, 45, 34, 32, 5, 7, 8, 10, 38, 36, 43, 41, 9, 11, 4, 6, 42, 40, 39, 37, 23, 21, 26, 24, 52, 54, 57, 59, 27, 25, 22, 20, 56, 58, 53, 55, 18, 16, 31, 29, 49, 51, 60, 62, 30, 28, 19, 17, 61, 63, 48, 50]
L2: [0, 62, 50, 12, 55, 9, 5, 59, 29, 35, 47, 17, 42, 20, 24, 38, 33, 31, 19, 45, 22, 40, 36, 26, 60, 2, 14, 48, 11, 53, 57, 7, 1, 63, 51, 13, 54, 8, 4, 58, 28, 34, 46, 16, 43, 21, 25, 39, 32, 30, 18, 44, 23, 41, 37, 27, 61, 3, 15, 49, 10, 52, 56, 6]
A: [0, 0, 0, 0, 0, 0, 0, 0, 0, 0, 0, 0, 0, 0, 0, 0, 0, 0, 0, 0, 0, 0, 0, 0, 0, 0, 0, 0, 0, 0, 0, 0, 0, 0, 0, 0, 0, 0, 0, 0, 0, 0, 0, 0, 0, 0, 0, 0, 0, 0, 0, 0, 0, 0, 0, 0, 0, 0, 0, 0, 0, 0, 0, 0]


L1: [0, 2, 13, 15, 35, 33, 46, 44, 12, 14, 1, 3, 47, 45, 34, 32, 5, 7, 8, 10, 38, 36, 43, 41, 9, 11, 4, 6, 42, 40, 39, 37, 23, 21, 26, 24, 52, 54, 57, 59, 27, 25, 22, 20, 56, 58, 53, 55, 18, 16, 31, 29, 49, 51, 60, 62, 30, 28, 19, 17, 61, 63, 48, 50]
L2: [0, 38, 57, 31, 10, 44, 51, 21, 13, 43, 52, 18, 7, 33, 62, 24, 53, 19, 12, 42, 63, 25, 6, 32, 56, 30, 1, 39, 50, 20, 11, 45, 15, 41, 54, 16, 5, 35, 60, 26, 2, 36, 59, 29, 8, 46, 49, 23, 58, 28, 3, 37, 48, 22, 9, 47, 55, 17, 14, 40, 61, 27, 4, 34]
A: [0, 0, 0, 0, 0, 0, 0, 0, 0, 0, 0, 0, 0, 0, 0, 0, 0, 0, 0, 0, 0, 0, 0, 0, 0, 0, 0, 0, 0, 0, 0, 0, 0, 0, 0, 0, 0, 0, 0, 0, 0, 0, 0, 0, 0, 0, 0, 0, 0, 0, 0, 0, 0, 0, 0, 0, 0, 0, 0, 0, 0, 0, 0, 0]


L1: [0, 31, 54, 41, 43, 52, 29, 2, 9, 22, 63, 32, 34, 61, 20, 11, 21, 10, 35, 60, 62, 33, 8, 23, 28, 3, 42, 53, 55, 40, 1, 30, 15, 16, 57, 38, 36, 59, 18, 13, 6, 25, 48, 47, 45, 50, 27, 4, 26, 5, 44, 51, 49, 46, 7, 24, 19, 12, 37, 58, 56, 39, 14, 17]
L2: [0, 35, 52, 23, 13, 46, 57, 26, 49, 18, 5, 38, 60, 31, 8, 43, 19, 48, 39, 4, 30, 61, 42, 9, 34, 1, 22, 53, 47, 12, 27, 56, 63, 28, 11, 40, 50, 17, 6, 37, 14, 45, 58, 25, 3, 32, 55, 20, 44, 15, 24, 59, 33, 2, 21, 54, 29, 62, 41, 10, 16, 51, 36, 7]
A: [0, 0, 0, 0, 0, 0, 0, 0, 0, 0, 0, 0, 0, 0, 0, 0, 0, 0, 0, 0, 0, 0, 0, 0, 0, 0, 0, 0, 0, 0, 0, 0, 0, 0, 0, 0, 0, 0, 0, 0, 0, 0, 0, 0, 0, 0, 0, 0, 0, 0, 0, 0, 0, 0, 0, 0, 0, 0, 0, 0, 0, 0, 0, 0]


L1: [0, 31, 54, 41, 43, 52, 29, 2, 9, 22, 63, 32, 34, 61, 20, 11, 21, 10, 35, 60, 62, 33, 8, 23, 28, 3, 42, 53, 55, 40, 1, 30, 15, 16, 57, 38, 36, 59, 18, 13, 6, 25, 48, 47, 45, 50, 27, 4, 26, 5, 44, 51, 49, 46, 7, 24, 19, 12, 37, 58, 56, 39, 14, 17]
L2: [0, 8, 47, 39, 29, 21, 50, 58, 25, 17, 54, 62, 4, 12, 43, 35, 31, 23, 48, 56, 2, 10, 45, 37, 6, 14, 41, 33, 27, 19, 52, 60, 22, 30, 57, 49, 11, 3, 36, 44, 15, 7, 32, 40, 18, 26, 61, 53, 9, 1, 38, 46, 20, 28, 59, 51, 16, 24, 63, 55, 13, 5, 34, 42]
A: [0, 0, 0, 0, 0, 0, 0, 0, 0, 0, 0, 0, 0, 0, 0, 0, 0, 0, 0, 0, 0, 0, 0, 0, 0, 0, 0, 0, 0, 0, 0, 0, 0, 0, 0, 0, 0, 0, 0, 0, 0, 0, 0, 0, 0, 0, 0, 0, 0, 0, 0, 0, 0, 0, 0, 0, 0, 0, 0, 0, 0, 0, 0, 0]


L1: [0, 31, 54, 41, 43, 52, 29, 2, 9, 22, 63, 32, 34, 61, 20, 11, 21, 10, 35, 60, 62, 33, 8, 23, 28, 3, 42, 53, 55, 40, 1, 30, 15, 16, 57, 38, 36, 59, 18, 13, 6, 25, 48, 47, 45, 50, 27, 4, 26, 5, 44, 51, 49, 46, 7, 24, 19, 12, 37, 58, 56, 39, 14, 17]
L2: [0, 43, 27, 48, 16, 59, 11, 32, 40, 3, 51, 24, 56, 19, 35, 8, 12, 39, 23, 60, 28, 55, 7, 44, 36, 15, 63, 20, 52, 31, 47, 4, 41, 2, 50, 25, 57, 18, 34, 9, 1, 42, 26, 49, 17, 58, 10, 33, 37, 14, 62, 21, 53, 30, 46, 5, 13, 38, 22, 61, 29, 54, 6, 45]
A: [0, 0, 0, 0, 0, 0, 0, 0, 0, 0, 0, 0, 0, 0, 0, 0, 0, 0, 0, 0, 0, 0, 0, 0, 0, 0, 0, 0, 0, 0, 0, 0, 0, 0, 0, 0, 0, 0, 0, 0, 0, 0, 0, 0, 0, 0, 0, 0, 0, 0, 0, 0, 0, 0, 0, 0, 0, 0, 0, 0, 0, 0, 0, 0]


L1: [0, 17, 30, 15, 48, 33, 46, 63, 38, 55, 56, 41, 22, 7, 8, 25, 52, 37, 42, 59, 4, 21, 26, 11, 18, 3, 12, 29, 34, 51, 60, 45, 32, 49, 62, 47, 16, 1, 14, 31, 6, 23, 24, 9, 54, 39, 40, 57, 20, 5, 10, 27, 36, 53, 58, 43, 50, 35, 44, 61, 2, 19, 28, 13]
L2: [0, 59, 13, 54, 3, 56, 14, 53, 32, 27, 45, 22, 35, 24, 46, 21, 62, 5, 51, 8, 61, 6, 48, 11, 30, 37, 19, 40, 29, 38, 16, 43, 12, 55, 1, 58, 15, 52, 2, 57, 44, 23, 33, 26, 47, 20, 34, 25, 50, 9, 63, 4, 49, 10, 60, 7, 18, 41, 31, 36, 17, 42, 28, 39]
A: [0, 0, 0, 0, 0, 0, 0, 0, 0, 0, 0, 0, 0, 0, 0, 0, 0, 0, 0, 0, 0, 0, 0, 0, 0, 0, 0, 0, 0, 0, 0, 0, 0, 0, 0, 0, 0, 0, 0, 0, 0, 0, 0, 0, 0, 0, 0, 0, 0, 0, 0, 0, 0, 0, 0, 0, 0, 0, 0, 0, 0, 0, 0, 0]


L1: [0, 17, 30, 15, 48, 33, 46, 63, 38, 55, 56, 41, 22, 7, 8, 25, 52, 37, 42, 59, 4, 21, 26, 11, 18, 3, 12, 29, 34, 51, 60, 45, 32, 49, 62, 47, 16, 1, 14, 31, 6, 23, 24, 9, 54, 39, 40, 57, 20, 5, 10, 27, 36, 53, 58, 43, 50, 35, 44, 61, 2, 19, 28, 13]
L2: [0, 21, 16, 5, 17, 4, 1, 20, 58, 47, 42, 63, 43, 62, 59, 46, 38, 51, 54, 35, 55, 34, 39, 50, 28, 9, 12, 25, 13, 24, 29, 8, 31, 10, 15, 26, 14, 27, 30, 11, 37, 48, 53, 32, 52, 33, 36, 49, 57, 44, 41, 60, 40, 61, 56, 45, 3, 22, 19, 6, 18, 7, 2, 23]
A: [0, 0, 0, 0, 0, 0, 0, 0, 0, 0, 0, 0, 0, 0, 0, 0, 0, 0, 0, 0, 0, 0, 0, 0, 0, 0, 0, 0, 0, 0, 0, 0, 0, 0, 0, 0, 0, 0, 0, 0, 0, 0, 0, 0, 0, 0, 0, 0, 0, 0, 0, 0, 0, 0, 0, 0, 0, 0, 0, 0, 0, 0, 0, 0]


L1: [0, 17, 30, 15, 48, 33, 46, 63, 38, 55, 56, 41, 22, 7, 8, 25, 52, 37, 42, 59, 4, 21, 26, 11, 18, 3, 12, 29, 34, 51, 60, 45, 32, 49, 62, 47, 16, 1, 14, 31, 6, 23, 24, 9, 54, 39, 40, 57, 20, 5, 10, 27, 36, 53, 58, 43, 50, 35, 44, 61, 2, 19, 28, 13]
L2: [0, 46, 29, 51, 18, 60, 15, 33, 26, 52, 7, 41, 8, 38, 21, 59, 24, 54, 5, 43, 10, 36, 23, 57, 2, 44, 31, 49, 16, 62, 13, 35, 19, 61, 14, 32, 1, 47, 28, 50, 9, 39, 20, 58, 27, 53, 6, 40, 11, 37, 22, 56, 25, 55, 4, 42, 17, 63, 12, 34, 3, 45, 30, 48]
A: [0, 0, 0, 0, 0, 0, 0, 0, 0, 0, 0, 0, 0, 0, 0, 0, 0, 0, 0, 0, 0, 0, 0, 0, 0, 0, 0, 0, 0, 0, 0, 0, 0, 0, 0, 0, 0, 0, 0, 0, 0, 0, 0, 0, 0, 0, 0, 0, 0, 0, 0, 0, 0, 0, 0, 0, 0, 0, 0, 0, 0, 0, 0, 0]


L1: [0, 39, 44, 11, 55, 16, 27, 60, 43, 12, 7, 32, 28, 59, 48, 23, 21, 50, 57, 30, 34, 5, 14, 41, 62, 25, 18, 53, 9, 46, 37, 2, 3, 36, 47, 8, 52, 19, 24, 63, 40, 15, 4, 35, 31, 56, 51, 20, 22, 49, 58, 29, 33, 6, 13, 42, 61, 26, 17, 54, 10, 45, 38, 1]
L2: [0, 50, 34, 16, 21, 39, 55, 5, 60, 14, 30, 44, 41, 27, 11, 57, 47, 29, 13, 63, 58, 8, 24, 42, 19, 33, 49, 3, 6, 52, 36, 22, 40, 26, 10, 56, 61, 15, 31, 45, 20, 38, 54, 4, 1, 51, 35, 17, 7, 53, 37, 23, 18, 32, 48, 2, 59, 9, 25, 43, 46, 28, 12, 62]
A: [0, 0, 0, 0, 0, 0, 0, 0, 0, 0, 0, 0, 0, 0, 0, 0, 0, 0, 0, 0, 0, 0, 0, 0, 0, 0, 0, 0, 0, 0, 0, 0, 0, 0, 0, 0, 0, 0, 0, 0, 0, 0, 0, 0, 0, 0, 0, 0, 0, 0, 0, 0, 0, 0, 0, 0, 0, 0, 0, 0, 0, 0, 0, 0]


L1: [0, 39, 44, 11, 55, 16, 27, 60, 43, 12, 7, 32, 28, 59, 48, 23, 21, 50, 57, 30, 34, 5, 14, 41, 62, 25, 18, 53, 9, 46, 37, 2, 3, 36, 47, 8, 52, 19, 24, 63, 40, 15, 4, 35, 31, 56, 51, 20, 22, 49, 58, 29, 33, 6, 13, 42, 61, 26, 17, 54, 10, 45, 38, 1]
L2: [0, 11, 6, 13, 59, 48, 61, 54, 4, 15, 2, 9, 63, 52, 57, 50, 27, 16, 29, 22, 32, 43, 38, 45, 31, 20, 25, 18, 36, 47, 34, 41, 49, 58, 55, 60, 10, 1, 12, 7, 53, 62, 51, 56, 14, 5, 8, 3, 42, 33, 44, 39, 17, 26, 23, 28, 46, 37, 40, 35, 21, 30, 19, 24]
A: [0, 0, 0, 0, 0, 0, 0, 0, 0, 0, 0, 0, 0, 0, 0, 0, 0, 0, 0, 0, 0, 0, 0, 0, 0, 0, 0, 0, 0, 0, 0, 0, 0, 0, 0, 0, 0, 0, 0, 0, 0, 0, 0, 0, 0, 0, 0, 0, 0, 0, 0, 0, 0, 0, 0, 0, 0, 0, 0, 0, 0, 0, 0, 0]


L1: [0, 39, 44, 11, 55, 16, 27, 60, 43, 12, 7, 32, 28, 59, 48, 23, 21, 50, 57, 30, 34, 5, 14, 41, 62, 25, 18, 53, 9, 46, 37, 2, 3, 36, 47, 8, 52, 19, 24, 63, 40, 15, 4, 35, 31, 56, 51, 20, 22, 49, 58, 29, 33, 6, 13, 42, 61, 26, 17, 54, 10, 45, 38, 1]
L2: [0, 57, 36, 29, 46, 23, 10, 51, 56, 1, 28, 37, 22, 47, 50, 11, 52, 13, 16, 41, 26, 35, 62, 7, 12, 53, 40, 17, 34, 27, 6, 63, 25, 32, 61, 4, 55, 14, 19, 42, 33, 24, 5, 60, 15, 54, 43, 18, 45, 20, 9, 48, 3, 58, 39, 30, 21, 44, 49, 8, 59, 2, 31, 38]
A: [0, 0, 0, 0, 0, 0, 0, 0, 0, 0, 0, 0, 0, 0, 0, 0, 0, 0, 0, 0, 0, 0, 0, 0, 0, 0, 0, 0, 0, 0, 0, 0, 0, 0, 0, 0, 0, 0, 0, 0, 0, 0, 0, 0, 0, 0, 0, 0, 0, 0, 0, 0, 0, 0, 0, 0, 0, 0, 0, 0, 0, 0, 0, 0]


L1: [0, 13, 45, 32, 24, 21, 53, 56, 47, 34, 2, 15, 55, 58, 26, 23, 33, 44, 12, 1, 57, 52, 20, 25, 14, 3, 35, 46, 22, 27, 59, 54, 41, 36, 4, 9, 49, 60, 28, 17, 6, 11, 43, 38, 30, 19, 51, 62, 8, 5, 37, 40, 16, 29, 61, 48, 39, 42, 10, 7, 63, 50, 18, 31]
L2: [0, 56, 18, 42, 27, 35, 9, 49, 53, 13, 39, 31, 46, 22, 60, 4, 63, 7, 45, 21, 36, 28, 54, 14, 10, 50, 24, 32, 17, 41, 3, 59, 62, 6, 44, 20, 37, 29, 55, 15, 11, 51, 25, 33, 16, 40, 2, 58, 1, 57, 19, 43, 26, 34, 8, 48, 52, 12, 38, 30, 47, 23, 61, 5]
A: [0, 0, 0, 0, 0, 0, 0, 0, 0, 0, 0, 0, 0, 0, 0, 0, 0, 0, 0, 0, 0, 0, 0, 0, 0, 0, 0, 0, 0, 0, 0, 0, 0, 0, 0, 0, 0, 0, 0, 0, 0, 0, 0, 0, 0, 0, 0, 0, 0, 0, 0, 0, 0, 0, 0, 0, 0, 0, 0, 0, 0, 0, 0, 0]


L1: [0, 13, 45, 32, 24, 21, 53, 56, 47, 34, 2, 15, 55, 58, 26, 23, 33, 44, 12, 1, 57, 52, 20, 25, 14, 3, 35, 46, 22, 27, 59, 54, 41, 36, 4, 9, 49, 60, 28, 17, 6, 11, 43, 38, 30, 19, 51, 62, 8, 5, 37, 40, 16, 29, 61, 48, 39, 42, 10, 7, 63, 50, 18, 31]
L2: [0, 4, 3, 7, 47, 43, 44, 40, 20, 16, 23, 19, 59, 63, 56, 60, 41, 45, 42, 46, 6, 2, 5, 1, 61, 57, 62, 58, 18, 22, 17, 21, 38, 34, 37, 33, 9, 13, 10, 14, 50, 54, 49, 53, 29, 25, 30, 26, 15, 11, 12, 8, 32, 36, 35, 39, 27, 31, 24, 28, 52, 48, 55, 51]
A: [0, 0, 0, 0, 0, 0, 0, 0, 0, 0, 0, 0, 0, 0, 0, 0, 0, 0, 0, 0, 0, 0, 0, 0, 0, 0, 0, 0, 0, 0, 0, 0, 0, 0, 0, 0, 0, 0, 0, 0, 0, 0, 0, 0, 0, 0, 0, 0, 0, 0, 0, 0, 0, 0, 0, 0, 0, 0, 0, 0, 0, 0, 0, 0]


L1: [0, 13, 45, 32, 24, 21, 53, 56, 47, 34, 2, 15, 55, 58, 26, 23, 33, 44, 12, 1, 57, 52, 20, 25, 14, 3, 35, 46, 22, 27, 59, 54, 41, 36, 4, 9, 49, 60, 28, 17, 6, 11, 43, 38, 30, 19, 51, 62, 8, 5, 37, 40, 16, 29, 61, 48, 39, 42, 10, 7, 63, 50, 18, 31]
L2: [0, 60, 17, 45, 52, 8, 37, 25, 33, 29, 48, 12, 21, 41, 4, 56, 22, 42, 7, 59, 34, 30, 51, 15, 55, 11, 38, 26, 3, 63, 18, 46, 24, 36, 9, 53, 44, 16, 61, 1, 57, 5, 40, 20, 13, 49, 28, 32, 14, 50, 31, 35, 58, 6, 43, 23, 47, 19, 62, 2, 27, 39, 10, 54]
A: [0, 0, 0, 0, 0, 0, 0, 0, 0, 0, 0, 0, 0, 0, 0, 0, 0, 0, 0, 0, 0, 0, 0, 0, 0, 0, 0, 0, 0, 0, 0, 0, 0, 0, 0, 0, 0, 0, 0, 0, 0, 0, 0, 0, 0, 0, 0, 0, 0, 0, 0, 0, 0, 0, 0, 0, 0, 0, 0, 0, 0, 0, 0, 0]


L1: [0, 50, 37, 23, 22, 36, 51, 1, 24, 42, 61, 15, 14, 60, 43, 25, 33, 19, 4, 54, 55, 5, 18, 32, 57, 11, 28, 46, 47, 29, 10, 56, 3, 49, 38, 20, 21, 39, 48, 2, 27, 41, 62, 12, 13, 63, 40, 26, 34, 16, 7, 53, 52, 6, 17, 35, 58, 8, 31, 45, 44, 30, 9, 59]
L2: [0, 41, 15, 38, 34, 11, 45, 4, 18, 59, 29, 52, 48, 25, 63, 22, 49, 24, 62, 23, 19, 58, 28, 53, 35, 10, 44, 5, 1, 40, 14, 39, 37, 12, 42, 3, 7, 46, 8, 33, 55, 30, 56, 17, 21, 60, 26, 51, 20, 61, 27, 50, 54, 31, 57, 16, 6, 47, 9, 32, 36, 13, 43, 2]
A: [0, 0, 0, 0, 0, 0, 0, 0, 0, 0, 0, 0, 0, 0, 0, 0, 0, 0, 0, 0, 0, 0, 0, 0, 0, 0, 0, 0, 0, 0, 0, 0, 0, 0, 0, 0, 0, 0, 0, 0, 0, 0, 0, 0, 0, 0, 0, 0, 0, 0, 0, 0, 0, 0, 0, 0, 0, 0, 0, 0, 0, 0, 0, 0]


L1: [0, 50, 37, 23, 22, 36, 51, 1, 24, 42, 61, 15, 14, 60, 43, 25, 33, 19, 4, 54, 55, 5, 18, 32, 57, 11, 28, 46, 47, 29, 10, 56, 3, 49, 38, 20, 21, 39, 48, 2, 27, 41, 62, 12, 13, 63, 40, 26, 34, 16, 7, 53, 52, 6, 17, 35, 58, 8, 31, 45, 44, 30, 9, 59]
L2: [0, 22, 14, 24, 36, 50, 42, 60, 3, 21, 13, 27, 39, 49, 41, 63, 40, 62, 38, 48, 12, 26, 2, 20, 43, 61, 37, 51, 15, 25, 1, 23, 9, 31, 7, 17, 45, 59, 35, 53, 10, 28, 4, 18, 46, 56, 32, 54, 33, 55, 47, 57, 5, 19, 11, 29, 34, 52, 44, 58, 6, 16, 8, 30]
A: [0, 0, 0, 0, 0, 0, 0, 0, 0, 0, 0, 0, 0, 0, 0, 0, 0, 0, 0, 0, 0, 0, 0, 0, 0, 0, 0, 0, 0, 0, 0, 0, 0, 0, 0, 0, 0, 0, 0, 0, 0, 0, 0, 0, 0, 0, 0, 0, 0, 0, 0, 0, 0, 0, 0, 0, 0, 0, 0, 0, 0, 0, 0, 0]


L1: [0, 50, 37, 23, 22, 36, 51, 1, 24, 42, 61, 15, 14, 60, 43, 25, 33, 19, 4, 54, 55, 5, 18, 32, 57, 11, 28, 46, 47, 29, 10, 56, 3, 49, 38, 20, 21, 39, 48, 2, 27, 41, 62, 12, 13, 63, 40, 26, 34, 16, 7, 53, 52, 6, 17, 35, 58, 8, 31, 45, 44, 30, 9, 59]
L2: [0, 63, 1, 62, 6, 57, 7, 56, 17, 46, 16, 47, 23, 40, 22, 41, 25, 38, 24, 39, 31, 32, 30, 33, 8, 55, 9, 54, 14, 49, 15, 48, 44, 19, 45, 18, 42, 21, 43, 20, 61, 2, 60, 3, 59, 4, 58, 5, 53, 10, 52, 11, 51, 12, 50, 13, 36, 27, 37, 26, 34, 29, 35, 28]
A: [0, 0, 0, 0, 0, 0, 0, 0, 0, 0, 0, 0, 0, 0, 0, 0, 0, 0, 0, 0, 0, 0, 0, 0, 0, 0, 0, 0, 0, 0, 0, 0, 0, 0, 0, 0, 0, 0, 0, 0, 0, 0, 0, 0, 0, 0, 0, 0, 0, 0, 0, 0, 0, 0, 0, 0, 0, 0, 0, 0, 0, 0, 0, 0]


L1: [0, 54, 61, 11, 38, 16, 27, 45, 34, 20, 31, 41, 4, 50, 57, 15, 52, 2, 9, 63, 18, 36, 47, 25, 22, 32, 43, 29, 48, 6, 13, 59, 23, 33, 42, 28, 49, 7, 12, 58, 53, 3, 8, 62, 19, 37, 46, 24, 35, 21, 30, 40, 5, 51, 56, 14, 1, 55, 60, 10, 39, 17, 26, 44]
L2: [0, 13, 23, 26, 20, 25, 3, 14, 30, 19, 9, 4, 10, 7, 29, 16, 45, 32, 58, 55, 57, 52, 46, 35, 51, 62, 36, 41, 39, 42, 48, 61, 6, 11, 17, 28, 18, 31, 5, 8, 24, 21, 15, 2, 12, 1, 27, 22, 43, 38, 60, 49, 63, 50, 40, 37, 53, 56, 34, 47, 33, 44, 54, 59]
A: [0, 0, 0, 0, 0, 0, 0, 0, 0, 0, 0, 0, 0, 0, 0, 0, 0, 0, 0, 0, 0, 0, 0, 0, 0, 0, 0, 0, 0, 0, 0, 0, 0, 0, 0, 0, 0, 0, 0, 0, 0, 0, 0, 0, 0, 0, 0, 0, 0, 0, 0, 0, 0, 0, 0, 0, 0, 0, 0, 0, 0, 0, 0, 0]


L1: [0, 54, 61, 11, 38, 16, 27, 45, 34, 20, 31, 41, 4, 50, 57, 15, 52, 2, 9, 63, 18, 36, 47, 25, 22, 32, 43, 29, 48, 6, 13, 59, 23, 33, 42, 28, 49, 7, 12, 58, 53, 3, 8, 62, 19, 37, 46, 24, 35, 21, 30, 40, 5, 51, 56, 14, 1, 55, 60, 10, 39, 17, 26, 44]
L2: [0, 29, 39, 58, 53, 40, 18, 15, 2, 31, 37, 56, 55, 42, 16, 13, 7, 26, 32, 61, 50, 47, 21, 8, 5, 24, 34, 63, 48, 45, 23, 10, 36, 57, 3, 30, 17, 12, 54, 43, 38, 59, 1, 28, 19, 14, 52, 41, 35, 62, 4, 25, 22, 11, 49, 44, 33, 60, 6, 27, 20, 9, 51, 46]
A: [0, 0, 0, 0, 0, 0, 0, 0, 0, 0, 0, 0, 0, 0, 0, 0, 0, 0, 0, 0, 0, 0, 0, 0, 0, 0, 0, 0, 0, 0, 0, 0, 0, 0, 0, 0, 0, 0, 0, 0, 0, 0, 0, 0, 0, 0, 0, 0, 0, 0, 0, 0, 0, 0, 0, 0, 0, 0, 0, 0, 0, 0, 0, 0]


L1: [0, 44, 59, 23, 8, 36, 51, 31, 28, 48, 39, 11, 20, 56, 47, 3, 16, 60, 43, 7, 24, 52, 35, 15, 12, 32, 55, 27, 4, 40, 63, 19, 41, 5, 18, 62, 33, 13, 26, 54, 53, 25, 14, 34, 61, 17, 6, 42, 57, 21, 2, 46, 49, 29, 10, 38, 37, 9, 30, 50, 45, 1, 22, 58]
L2: [0, 3, 54, 53, 25, 26, 47, 44, 61, 62, 11, 8, 36, 39, 18, 17, 23, 20, 33, 34, 14, 13, 56, 59, 42, 41, 28, 31, 51, 48, 5, 6, 2, 1, 52, 55, 27, 24, 45, 46, 63, 60, 9, 10, 38, 37, 16, 19, 21, 22, 35, 32, 12, 15, 58, 57, 40, 43, 30, 29, 49, 50, 7, 4]
A: [0, 0, 0, 0, 0, 0, 0, 0, 0, 0, 0, 0, 0, 0, 0, 0, 0, 0, 0, 0, 0, 0, 0, 0, 0, 0, 0, 0, 0, 0, 0, 0, 0, 0, 0, 0, 0, 0, 0, 0, 0, 0, 0, 0, 0, 0, 0, 0, 0, 0, 0, 0, 0, 0, 0, 0, 0, 0, 0, 0, 0, 0, 0, 0]


L1: [0, 44, 59, 23, 8, 36, 51, 31, 28, 48, 39, 11, 20, 56, 47, 3, 16, 60, 43, 7, 24, 52, 35, 15, 12, 32, 55, 27, 4, 40, 63, 19, 41, 5, 18, 62, 33, 13, 26, 54, 53, 25, 14, 34, 61, 17, 6, 42, 57, 21, 2, 46, 49, 29, 10, 38, 37, 9, 30, 50, 45, 1, 22, 58]
L2: [0, 17, 5, 20, 49, 32, 52, 37, 55, 38, 50, 35, 6, 23, 3, 18, 48, 33, 53, 36, 1, 16, 4, 21, 7, 22, 2, 19, 54, 39, 51, 34, 30, 15, 27, 10, 47, 62, 42, 59, 41, 56, 44, 61, 24, 9, 29, 12, 46, 63, 43, 58, 31, 14, 26, 11, 25, 8, 28, 13, 40, 57, 45, 60]
A: [0, 0, 0, 0, 0, 0, 0, 0, 0, 0, 0, 0, 0, 0, 0, 0, 0, 0, 0, 0, 0, 0, 0, 0, 0, 0, 0, 0, 0, 0, 0, 0, 0, 0, 0, 0, 0, 0, 0, 0, 0, 0, 0, 0, 0, 0, 0, 0, 0, 0, 0, 0, 0, 0, 0, 0, 0, 0, 0, 0, 0, 0, 0, 0]


L1: [0, 54, 61, 11, 38, 16, 27, 45, 34, 20, 31, 41, 4, 50, 57, 15, 52, 2, 9, 63, 18, 36, 47, 25, 22, 32, 43, 29, 48, 6, 13, 59, 23, 33, 42, 28, 49, 7, 12, 58, 53, 3, 8, 62, 19, 37, 46, 24, 35, 21, 30, 40, 5, 51, 56, 14, 1, 55, 60, 10, 39, 17, 26, 44]
L2: [0, 16, 48, 32, 33, 49, 17, 1, 28, 12, 44, 60, 61, 45, 13, 29, 42, 58, 26, 10, 11, 27, 59, 43, 54, 38, 6, 22, 23, 7, 39, 55, 34, 50, 18, 2, 3, 19, 51, 35, 62, 46, 14, 30, 31, 15, 47, 63, 8, 24, 56, 40, 41, 57, 25, 9, 20, 4, 36, 52, 53, 37, 5, 21]
A: [0, 0, 0, 0, 0, 0, 0, 0, 0, 0, 0, 0, 0, 0, 0, 0, 0, 0, 0, 0, 0, 0, 0, 0, 0, 0, 0, 0, 0, 0, 0, 0, 0, 0, 0, 0, 0, 0, 0, 0, 0, 0, 0, 0, 0, 0, 0, 0, 0, 0, 0, 0, 0, 0, 0, 0, 0, 0, 0, 0, 0, 0, 0, 0]


L1: [0, 60, 63, 3, 57, 5, 6, 58, 26, 38, 37, 25, 35, 31, 28, 32, 49, 13, 14, 50, 8, 52, 55, 11, 43, 23, 20, 40, 18, 46, 45, 17, 41, 21, 22, 42, 16, 44, 47, 19, 51, 15, 12, 48, 10, 54, 53, 9, 24, 36, 39, 27, 33, 29, 30, 34, 2, 62, 61, 1, 59, 7, 4, 56]
L2: [0, 54, 60, 10, 37, 19, 25, 47, 42, 28, 22, 32, 15, 57, 51, 5, 11, 61, 55, 1, 46, 24, 18, 36, 33, 23, 29, 43, 4, 50, 56, 14, 13, 59, 49, 7, 40, 30, 20, 34, 39, 17, 27, 45, 2, 52, 62, 8, 6, 48, 58, 12, 35, 21, 31, 41, 44, 26, 16, 38, 9, 63, 53, 3]
A: [0, 0, 0, 0, 0, 0, 0, 0, 0, 0, 0, 0, 0, 0, 0, 0, 0, 0, 0, 0, 0, 0, 0, 0, 0, 0, 0, 0, 0, 0, 0, 0, 0, 0, 0, 0, 0, 0, 0, 0, 0, 0, 0, 0, 0, 0, 0, 0, 0, 0, 0, 0, 0, 0, 0, 0, 0, 0, 0, 0, 0, 0, 0, 0]


L1: [0, 44, 59, 23, 8, 36, 51, 31, 28, 48, 39, 11, 20, 56, 47, 3, 16, 60, 43, 7, 24, 52, 35, 15, 12, 32, 55, 27, 4, 40, 63, 19, 41, 5, 18, 62, 33, 13, 26, 54, 53, 25, 14, 34, 61, 17, 6, 42, 57, 21, 2, 46, 49, 29, 10, 38, 37, 9, 30, 50, 45, 1, 22, 58]
L2: [0, 18, 51, 33, 40, 58, 27, 9, 10, 24, 57, 43, 34, 48, 17, 3, 39, 53, 20, 6, 15, 29, 60, 46, 45, 63, 30, 12, 5, 23, 54, 36, 28, 14, 47, 61, 52, 38, 7, 21, 22, 4, 37, 55, 62, 44, 13, 31, 59, 41, 8, 26, 19, 1, 32, 50, 49, 35, 2, 16, 25, 11, 42, 56]
A: [0, 0, 0, 0, 0, 0, 0, 0, 0, 0, 0, 0, 0, 0, 0, 0, 0, 0, 0, 0, 0, 0, 0, 0, 0, 0, 0, 0, 0, 0, 0, 0, 0, 0, 0, 0, 0, 0, 0, 0, 0, 0, 0, 0, 0, 0, 0, 0, 0, 0, 0, 0, 0, 0, 0, 0, 0, 0, 0, 0, 0, 0, 0, 0]


L1: [0, 60, 63, 3, 57, 5, 6, 58, 26, 38, 37, 25, 35, 31, 28, 32, 49, 13, 14, 50, 8, 52, 55, 11, 43, 23, 20, 40, 18, 46, 45, 17, 41, 21, 22, 42, 16, 44, 47, 19, 51, 15, 12, 48, 10, 54, 53, 9, 24, 36, 39, 27, 33, 29, 30, 34, 2, 62, 61, 1, 59, 7, 4, 56]
L2: [0, 51, 4, 55, 44, 31, 40, 27, 45, 30, 41, 26, 1, 50, 5, 54, 57, 10, 61, 14, 21, 38, 17, 34, 20, 39, 16, 35, 56, 11, 60, 15, 29, 46, 25, 42, 49, 2, 53, 6, 48, 3, 52, 7, 28, 47, 24, 43, 36, 23, 32, 19, 8, 59, 12, 63, 9, 58, 13, 62, 37, 22, 33, 18]
A: [0, 0, 0, 0, 0, 0, 0, 0, 0, 0, 0, 0, 0, 0, 0, 0, 0, 0, 0, 0, 0, 0, 0, 0, 0, 0, 0, 0, 0, 0, 0, 0, 0, 0, 0, 0, 0, 0, 0, 0, 0, 0, 0, 0, 0, 0, 0, 0, 0, 0, 0, 0, 0, 0, 0, 0, 0, 0, 0, 0, 0, 0, 0, 0]


L1: [0, 60, 63, 3, 57, 5, 6, 58, 26, 38, 37, 25, 35, 31, 28, 32, 49, 13, 14, 50, 8, 52, 55, 11, 43, 23, 20, 40, 18, 46, 45, 17, 41, 21, 22, 42, 16, 44, 47, 19, 51, 15, 12, 48, 10, 54, 53, 9, 24, 36, 39, 27, 33, 29, 30, 34, 2, 62, 61, 1, 59, 7, 4, 56]
L2: [0, 5, 56, 61, 9, 12, 49, 52, 7, 2, 63, 58, 14, 11, 54, 51, 50, 55, 10, 15, 59, 62, 3, 6, 53, 48, 13, 8, 60, 57, 4, 1, 16, 21, 40, 45, 25, 28, 33, 36, 23, 18, 47, 42, 30, 27, 38, 35, 34, 39, 26, 31, 43, 46, 19, 22, 37, 32, 29, 24, 44, 41, 20, 17]
A: [0, 0, 0, 0, 0, 0, 0, 0, 0, 0, 0, 0, 0, 0, 0, 0, 0, 0, 0, 0, 0, 0, 0, 0, 0, 0, 0, 0, 0, 0, 0, 0, 0, 0, 0, 0, 0, 0, 0, 0, 0, 0, 0, 0, 0, 0, 0, 0, 0, 0, 0, 0, 0, 0, 0, 0, 0, 0, 0, 0, 0, 0, 0, 0]


L1: [0, 56, 17, 41, 12, 52, 29, 37, 42, 18, 59, 3, 38, 30, 55, 15, 5, 61, 20, 44, 9, 49, 24, 32, 47, 23, 62, 6, 35, 27, 50, 10, 25, 33, 8, 48, 21, 45, 4, 60, 51, 11, 34, 26, 63, 7, 46, 22, 28, 36, 13, 53, 16, 40, 1, 57, 54, 14, 39, 31, 58, 2, 43, 19]
L2: [0, 7, 35, 36, 57, 62, 26, 29, 48, 55, 19, 20, 9, 14, 42, 45, 1, 6, 34, 37, 56, 63, 27, 28, 49, 54, 18, 21, 8, 15, 43, 44, 3, 4, 32, 39, 58, 61, 25, 30, 51, 52, 16, 23, 10, 13, 41, 46, 2, 5, 33, 38, 59, 60, 24, 31, 50, 53, 17, 22, 11, 12, 40, 47]
A: [0, 0, 0, 0, 0, 0, 0, 0, 0, 0, 0, 0, 0, 0, 0, 0, 0, 0, 0, 0, 0, 0, 0, 0, 0, 0, 0, 0, 0, 0, 0, 0, 0, 0, 0, 0, 0, 0, 0, 0, 0, 0, 0, 0, 0, 0, 0, 0, 0, 0, 0, 0, 0, 0, 0, 0, 0, 0, 0, 0, 0, 0, 0, 0]


L1: [0, 56, 17, 41, 12, 52, 29, 37, 42, 18, 59, 3, 38, 30, 55, 15, 5, 61, 20, 44, 9, 49, 24, 32, 47, 23, 62, 6, 35, 27, 50, 10, 25, 33, 8, 48, 21, 45, 4, 60, 51, 11, 34, 26, 63, 7, 46, 22, 28, 36, 13, 53, 16, 40, 1, 57, 54, 14, 39, 31, 58, 2, 43, 19]
L2: [0, 42, 8, 34, 50, 24, 58, 16, 23, 61, 31, 53, 37, 15, 45, 7, 14, 36, 6, 44, 60, 22, 52, 30, 25, 51, 17, 59, 43, 1, 35, 9, 18, 56, 26, 48, 32, 10, 40, 2, 5, 47, 13, 39, 55, 29, 63, 21, 28, 54, 20, 62, 46, 4, 38, 12, 11, 33, 3, 41, 57, 19, 49, 27]
A: [0, 0, 0, 0, 0, 0, 0, 0, 0, 0, 0, 0, 0, 0, 0, 0, 0, 0, 0, 0, 0, 0, 0, 0, 0, 0, 0, 0, 0, 0, 0, 0, 0, 0, 0, 0, 0, 0, 0, 0, 0, 0, 0, 0, 0, 0, 0, 0, 0, 0, 0, 0, 0, 0, 0, 0, 0, 0, 0, 0, 0, 0, 0, 0]


L1: [0, 56, 17, 41, 12, 52, 29, 37, 42, 18, 59, 3, 38, 30, 55, 15, 5, 61, 20, 44, 9, 49, 24, 32, 47, 23, 62, 6, 35, 27, 50, 10, 25, 33, 8, 48, 21, 45, 4, 60, 51, 11, 34, 26, 63, 7, 46, 22, 28, 36, 13, 53, 16, 40, 1, 57, 54, 14, 39, 31, 58, 2, 43, 19]
L2: [0, 45, 43, 6, 11, 38, 32, 13, 39, 10, 12, 33, 44, 1, 7, 42, 15, 34, 36, 9, 4, 41, 47, 2, 40, 5, 3, 46, 35, 14, 8, 37, 17, 60, 58, 23, 26, 55, 49, 28, 54, 27, 29, 48, 61, 16, 22, 59, 30, 51, 53, 24, 21, 56, 62, 19, 57, 20, 18, 63, 50, 31, 25, 52]
A: [0, 0, 0, 0, 0, 0, 0, 0, 0, 0, 0, 0, 0, 0, 0, 0, 0, 0, 0, 0, 0, 0, 0, 0, 0, 0, 0, 0, 0, 0, 0, 0, 0, 0, 0, 0, 0, 0, 0, 0, 0, 0, 0, 0, 0, 0, 0, 0, 0, 0, 0, 0, 0, 0, 0, 0, 0, 0, 0, 0, 0, 0, 0, 0]


L1: [0, 61, 50, 15, 28, 33, 46, 19, 4, 57, 54, 11, 24, 37, 42, 23, 16, 45, 34, 31, 12, 49, 62, 3, 20, 41, 38, 27, 8, 53, 58, 7, 25, 36, 43, 22, 5, 56, 55, 10, 29, 32, 47, 18, 1, 60, 51, 14, 9, 52, 59, 6, 21, 40, 39, 26, 13, 48, 63, 2, 17, 44, 35, 30]
L2: [0, 53, 58, 15, 41, 28, 19, 38, 50, 7, 8, 61, 27, 46, 33, 20, 59, 14, 1, 52, 18, 39, 40, 29, 9, 60, 51, 6, 32, 21, 26, 47, 54, 3, 12, 57, 31, 42, 37, 16, 4, 49, 62, 11, 45, 24, 23, 34, 13, 56, 55, 2, 36, 17, 30, 43, 63, 10, 5, 48, 22, 35, 44, 25]
A: [0, 0, 0, 0, 0, 0, 0, 0, 0, 0, 0, 0, 0, 0, 0, 0, 0, 0, 0, 0, 0, 0, 0, 0, 0, 0, 0, 0, 0, 0, 0, 0, 0, 0, 0, 0, 0, 0, 0, 0, 0, 0, 0, 0, 0, 0, 0, 0, 0, 0, 0, 0, 0, 0, 0, 0, 0, 0, 0, 0, 0, 0, 0, 0]


L1: [0, 61, 50, 15, 28, 33, 46, 19, 4, 57, 54, 11, 24, 37, 42, 23, 16, 45, 34, 31, 12, 49, 62, 3, 20, 41, 38, 27, 8, 53, 58, 7, 25, 36, 43, 22, 5, 56, 55, 10, 29, 32, 47, 18, 1, 60, 51, 14, 9, 52, 59, 6, 21, 40, 39, 26, 13, 48, 63, 2, 17, 44, 35, 30]
L2: [0, 20, 26, 14, 22, 2, 12, 24, 57, 45, 35, 55, 47, 59, 53, 33, 21, 1, 15, 27, 3, 23, 25, 13, 44, 56, 54, 34, 58, 46, 32, 52, 5, 17, 31, 11, 19, 7, 9, 29, 60, 40, 38, 50, 42, 62, 48, 36, 16, 4, 10, 30, 6, 18, 28, 8, 41, 61, 51, 39, 63, 43, 37, 49]
A: [0, 0, 0, 0, 0, 0, 0, 0, 0, 0, 0, 0, 0, 0, 0, 0, 0, 0, 0, 0, 0, 0, 0, 0, 0, 0, 0, 0, 0, 0, 0, 0, 0, 0, 0, 0, 0, 0, 0, 0, 0, 0, 0, 0, 0, 0, 0, 0, 0, 0, 0, 0, 0, 0, 0, 0, 0, 0, 0, 0, 0, 0, 0, 0]


L1: [0, 61, 50, 15, 28, 33, 46, 19, 4, 57, 54, 11, 24, 37, 42, 23, 16, 45, 34, 31, 12, 49, 62, 3, 20, 41, 38, 27, 8, 53, 58, 7, 25, 36, 43, 22, 5, 56, 55, 10, 29, 32, 47, 18, 1, 60, 51, 14, 9, 52, 59, 6, 21, 40, 39, 26, 13, 48, 63, 2, 17, 44, 35, 30]
L2: [0, 33, 32, 1, 63, 30, 31, 62, 11, 42, 43, 10, 52, 21, 20, 53, 46, 15, 14, 47, 17, 48, 49, 16, 37, 4, 5, 36, 26, 59, 58, 27, 51, 18, 19, 50, 12, 45, 44, 13, 56, 25, 24, 57, 7, 38, 39, 6, 29, 60, 61, 28, 34, 3, 2, 35, 22, 55, 54, 23, 41, 8, 9, 40]
A: [0, 0, 0, 0, 0, 0, 0, 0, 0, 0, 0, 0, 0, 0, 0, 0, 0, 0, 0, 0, 0, 0, 0, 0, 0, 0, 0, 0, 0, 0, 0, 0, 0, 0, 0, 0, 0, 0, 0, 0, 0, 0, 0, 0, 0, 0, 0, 0, 0, 0, 0, 0, 0, 0, 0, 0, 0, 0, 0, 0, 0, 0, 0, 0]


L1: [0, 63, 31, 32, 42, 21, 53, 10, 35, 28, 60, 3, 9, 54, 22, 41, 5, 58, 26, 37, 47, 16, 48, 15, 38, 25, 57, 6, 12, 51, 19, 44, 11, 52, 20, 43, 33, 30, 62, 1, 40, 23, 55, 8, 2, 61, 29, 34, 14, 49, 17, 46, 36, 27, 59, 4, 45, 18, 50, 13, 7, 56, 24, 39]
L2: [0, 37, 10, 47, 8, 45, 2, 39, 46, 11, 36, 1, 38, 3, 44, 9, 17, 52, 27, 62, 25, 60, 19, 54, 63, 26, 53, 16, 55, 18, 61, 24, 20, 49, 30, 59, 28, 57, 22, 51, 58, 31, 48, 21, 50, 23, 56, 29, 5, 32, 15, 42, 13, 40, 7, 34, 43, 14, 33, 4, 35, 6, 41, 12]
A: [0, 0, 0, 0, 0, 0, 0, 0, 0, 0, 0, 0, 0, 0, 0, 0, 0, 0, 0, 0, 0, 0, 0, 0, 0, 0, 0, 0, 0, 0, 0, 0, 0, 0, 0, 0, 0, 0, 0, 0, 0, 0, 0, 0, 0, 0, 0, 0, 0, 0, 0, 0, 0, 0, 0, 0, 0, 0, 0, 0, 0, 0, 0, 0]


L1: [0, 63, 31, 32, 42, 21, 53, 10, 35, 28, 60, 3, 9, 54, 22, 41, 5, 58, 26, 37, 47, 16, 48, 15, 38, 25, 57, 6, 12, 51, 19, 44, 11, 52, 20, 43, 33, 30, 62, 1, 40, 23, 55, 8, 2, 61, 29, 34, 14, 49, 17, 46, 36, 27, 59, 4, 45, 18, 50, 13, 7, 56, 24, 39]
L2: [0, 9, 61, 52, 35, 42, 30, 23, 59, 50, 6, 15, 24, 17, 37, 44, 18, 27, 47, 38, 49, 56, 12, 5, 41, 32, 20, 29, 10, 3, 55, 62, 33, 40, 28, 21, 2, 11, 63, 54, 26, 19, 39, 46, 57, 48, 4, 13, 51, 58, 14, 7, 16, 25, 45, 36, 8, 1, 53, 60, 43, 34, 22, 31]
A: [0, 0, 0, 0, 0, 0, 0, 0, 0, 0, 0, 0, 0, 0, 0, 0, 0, 0, 0, 0, 0, 0, 0, 0, 0, 0, 0, 0, 0, 0, 0, 0, 0, 0, 0, 0, 0, 0, 0, 0, 0, 0, 0, 0, 0, 0, 0, 0, 0, 0, 0, 0, 0, 0, 0, 0, 0, 0, 0, 0, 0, 0, 0, 0]


L1: [0, 63, 31, 32, 42, 21, 53, 10, 35, 28, 60, 3, 9, 54, 22, 41, 5, 58, 26, 37, 47, 16, 48, 15, 38, 25, 57, 6, 12, 51, 19, 44, 11, 52, 20, 43, 33, 30, 62, 1, 40, 23, 55, 8, 2, 61, 29, 34, 14, 49, 17, 46, 36, 27, 59, 4, 45, 18, 50, 13, 7, 56, 24, 39]
L2: [0, 44, 55, 27, 43, 7, 28, 48, 21, 57, 34, 14, 62, 18, 9, 37, 3, 47, 52, 24, 40, 4, 31, 51, 22, 58, 33, 13, 61, 17, 10, 38, 53, 25, 2, 46, 30, 50, 41, 5, 32, 12, 23, 59, 11, 39, 60, 16, 54, 26, 1, 45, 29, 49, 42, 6, 35, 15, 20, 56, 8, 36, 63, 19]
A: [0, 0, 0, 0, 0, 0, 0, 0, 0, 0, 0, 0, 0, 0, 0, 0, 0, 0, 0, 0, 0, 0, 0, 0, 0, 0, 0, 0, 0, 0, 0, 0, 0, 0, 0, 0, 0, 0, 0, 0, 0, 0, 0, 0, 0, 0, 0, 0, 0, 0, 0, 0, 0, 0, 0, 0, 0, 0, 0, 0, 0, 0, 0, 0]


L1: [0, 45, 58, 23, 9, 36, 51, 30, 55, 26, 13, 32, 62, 19, 4, 41, 21, 56, 47, 2, 28, 49, 38, 11, 34, 15, 24, 53, 43, 6, 17, 60, 25, 52, 35, 14, 16, 61, 42, 7, 46, 3, 20, 57, 39, 10, 29, 48, 12, 33, 54, 27, 5, 40, 63, 18, 59, 22, 1, 44, 50, 31, 8, 37]
L2: [0, 10, 31, 21, 23, 29, 8, 2, 63, 53, 32, 42, 40, 34, 55, 61, 36, 46, 59, 49, 51, 57, 44, 38, 27, 17, 4, 14, 12, 6, 19, 25, 60, 54, 35, 41, 43, 33, 52, 62, 3, 9, 28, 22, 20, 30, 11, 1, 24, 18, 7, 13, 15, 5, 16, 26, 39, 45, 56, 50, 48, 58, 47, 37]
A: [0, 0, 0, 0, 0, 0, 0, 0, 0, 0, 0, 0, 0, 0, 0, 0, 0, 0, 0, 0, 0, 0, 0, 0, 0, 0, 0, 0, 0, 0, 0, 0, 0, 0, 0, 0, 0, 0, 0, 0, 0, 0, 0, 0, 0, 0, 0, 0, 0, 0, 0, 0, 0, 0, 0, 0, 0, 0, 0, 0, 0, 0, 0, 0]


L1: [0, 45, 58, 23, 9, 36, 51, 30, 55, 26, 13, 32, 62, 19, 4, 41, 21, 56, 47, 2, 28, 49, 38, 11, 34, 15, 24, 53, 43, 6, 17, 60, 25, 52, 35, 14, 16, 61, 42, 7, 46, 3, 20, 57, 39, 10, 29, 48, 12, 33, 54, 27, 5, 40, 63, 18, 59, 22, 1, 44, 50, 31, 8, 37]
L2: [0, 61, 19, 46, 48, 13, 35, 30, 41, 20, 58, 7, 25, 36, 10, 55, 6, 59, 21, 40, 54, 11, 37, 24, 47, 18, 60, 1, 31, 34, 12, 49, 56, 5, 43, 22, 8, 53, 27, 38, 17, 44, 2, 63, 33, 28, 50, 15, 62, 3, 45, 16, 14, 51, 29, 32, 23, 42, 4, 57, 39, 26, 52, 9]
A: [0, 0, 0, 0, 0, 0, 0, 0, 0, 0, 0, 0, 0, 0, 0, 0, 0, 0, 0, 0, 0, 0, 0, 0, 0, 0, 0, 0, 0, 0, 0, 0, 0, 0, 0, 0, 0, 0, 0, 0, 0, 0, 0, 0, 0, 0, 0, 0, 0, 0, 0, 0, 0, 0, 0, 0, 0, 0, 0, 0, 0, 0, 0, 0]


L1: [0, 45, 58, 23, 9, 36, 51, 30, 55, 26, 13, 32, 62, 19, 4, 41, 21, 56, 47, 2, 28, 49, 38, 11, 34, 15, 24, 53, 43, 6, 17, 60, 25, 52, 35, 14, 16, 61, 42, 7, 46, 3, 20, 57, 39, 10, 29, 48, 12, 33, 54, 27, 5, 40, 63, 18, 59, 22, 1, 44, 50, 31, 8, 37]
L2: [0, 55, 12, 59, 39, 16, 43, 28, 22, 33, 26, 45, 49, 6, 61, 10, 34, 21, 46, 25, 5, 50, 9, 62, 52, 3, 56, 15, 19, 36, 31, 40, 4, 51, 8, 63, 35, 20, 47, 24, 18, 37, 30, 41, 53, 2, 57, 14, 38, 17, 42, 29, 1, 54, 13, 58, 48, 7, 60, 11, 23, 32, 27, 44]
A: [0, 0, 0, 0, 0, 0, 0, 0, 0, 0, 0, 0, 0, 0, 0, 0, 0, 0, 0, 0, 0, 0, 0, 0, 0, 0, 0, 0, 0, 0, 0, 0, 0, 0, 0, 0, 0, 0, 0, 0, 0, 0, 0, 0, 0, 0, 0, 0, 0, 0, 0, 0, 0, 0, 0, 0, 0, 0, 0, 0, 0, 0, 0, 0]


