path: all/q_6_3.tt
path: all/q_6_3.tt
buckets_f: [{52}, {5, 39, 42, 36, 7}, {34, 25, 44, 12, 1, 27, 20, 15, 35, 24, 26, 53, 59, 14, 13, 46, 21, 55, 56, 2}, {8, 60, 40, 49, 9, 50, 61, 16, 11, 18, 4, 48, 17, 28, 38, 37, 29, 62, 30, 51, 19, 63, 41, 6, 31, 10}, {3, 23, 33, 47, 32, 22, 54, 57, 58, 45}, {43}, {0}]
buckets_g: [{52}, {5, 36, 42, 7, 39}, {1, 53, 2, 56, 25, 34, 59, 14, 35, 55, 20, 27, 13, 44, 21, 46, 24, 12, 26, 15}, {41, 62, 61, 31, 40, 11, 60, 10, 16, 28, 17, 9, 51, 50, 63, 37, 30, 48, 29, 6, 4, 38, 8, 19, 18, 49}, {32, 47, 54, 3, 45, 33, 23, 22, 57, 58}, {43}, {0}]
indices_f: [6, 2, 2, 4, 3, 1, 3, 1, 3, 3, 3, 3, 2, 2, 2, 2, 3, 3, 3, 3, 2, 2, 4, 4, 2, 2, 2, 2, 3, 3, 3, 3, 4, 4, 2, 2, 1, 3, 3, 1, 3, 3, 1, 5, 2, 4, 2, 4, 3, 3, 3, 3, 0, 2, 4, 2, 2, 4, 4, 2, 3, 3, 3, 3]
indices_g: [6, 2, 2, 4, 3, 1, 3, 1, 3, 3, 3, 3, 2, 2, 2, 2, 3, 3, 3, 3, 2, 2, 4, 4, 2, 2, 2, 2, 3, 3, 3, 3, 4, 4, 2, 2, 1, 3, 3, 1, 3, 3, 1, 5, 2, 4, 2, 4, 3, 3, 3, 3, 0, 2, 4, 2, 2, 4, 4, 2, 3, 3, 3, 3]
buckets are valid
L1: [0, 46, 14, 32, 10, 36, 4, 42, 38, 8, 40, 6, 44, 2, 34, 12, 19, 61, 29, 51, 25, 55, 23, 57, 53, 27, 59, 21, 63, 17, 49, 31, 45, 3, 35, 13, 39, 9, 41, 7, 11, 37, 5, 43, 1, 47, 15, 33, 62, 16, 48, 30, 52, 26, 58, 20, 24, 54, 22, 56, 18, 60, 28, 50]
L2: [0, 27, 36, 63, 19, 8, 55, 44, 60, 39, 24, 3, 47, 52, 11, 16, 29, 6, 57, 34, 14, 21, 42, 49, 33, 58, 5, 30, 50, 41, 22, 13, 25, 2, 61, 38, 10, 17, 46, 53, 37, 62, 1, 26, 54, 45, 18, 9, 4, 31, 32, 59, 23, 12, 51, 40, 56, 35, 28, 7, 43, 48, 15, 20]
A: [0, 14, 24, 22, 36, 42, 60, 50, 44, 34, 52, 58, 8, 6, 16, 30, 4, 10, 28, 18, 32, 46, 56, 54, 40, 38, 48, 62, 12, 2, 20, 26, 7, 9, 31, 17, 35, 45, 59, 53, 43, 37, 51, 61, 15, 1, 23, 25, 3, 13, 27, 21, 39, 41, 63, 49, 47, 33, 55, 57, 11, 5, 19, 29]


L1: [0, 44, 13, 33, 6, 42, 11, 39, 9, 37, 4, 40, 15, 35, 2, 46, 49, 29, 60, 16, 55, 27, 58, 22, 56, 20, 53, 25, 62, 18, 51, 31, 3, 47, 14, 34, 5, 41, 8, 36, 10, 38, 7, 43, 12, 32, 1, 45, 50, 30, 63, 19, 52, 24, 57, 21, 59, 23, 54, 26, 61, 17, 48, 28]
L2: [0, 42, 33, 11, 48, 26, 17, 59, 5, 47, 36, 14, 53, 31, 20, 62, 15, 37, 46, 4, 63, 21, 30, 52, 10, 32, 43, 1, 58, 16, 27, 49, 50, 24, 19, 57, 2, 40, 35, 9, 55, 29, 22, 60, 7, 45, 38, 12, 61, 23, 28, 54, 13, 39, 44, 6, 56, 18, 25, 51, 8, 34, 41, 3]
A: [0, 19, 37, 54, 33, 50, 4, 23, 7, 20, 34, 49, 38, 53, 3, 16, 51, 32, 22, 5, 18, 1, 55, 36, 52, 39, 17, 2, 21, 6, 48, 35, 25, 10, 60, 47, 56, 43, 29, 14, 30, 13, 59, 40, 63, 44, 26, 9, 42, 57, 15, 28, 11, 24, 46, 61, 45, 62, 8, 27, 12, 31, 41, 58]


L1: [0, 15, 34, 45, 40, 39, 10, 5, 41, 38, 11, 4, 1, 14, 35, 44, 51, 60, 17, 30, 27, 20, 57, 54, 26, 21, 56, 55, 50, 61, 16, 31, 47, 32, 13, 2, 7, 8, 37, 42, 6, 9, 36, 43, 46, 33, 12, 3, 28, 19, 62, 49, 52, 59, 22, 25, 53, 58, 23, 24, 29, 18, 63, 48]
L2: [0, 30, 10, 20, 34, 60, 40, 54, 43, 53, 33, 63, 9, 23, 3, 29, 41, 55, 35, 61, 11, 21, 1, 31, 2, 28, 8, 22, 32, 62, 42, 52, 58, 36, 48, 46, 24, 6, 18, 12, 17, 15, 27, 5, 51, 45, 57, 39, 19, 13, 25, 7, 49, 47, 59, 37, 56, 38, 50, 44, 26, 4, 16, 14]
A: [0, 18, 21, 7, 57, 43, 44, 62, 42, 56, 63, 45, 19, 1, 6, 20, 10, 24, 31, 13, 51, 33, 38, 52, 32, 50, 53, 39, 25, 11, 12, 30, 46, 60, 59, 41, 23, 5, 2, 16, 4, 22, 17, 3, 61, 47, 40, 58, 36, 54, 49, 35, 29, 15, 8, 26, 14, 28, 27, 9, 55, 37, 34, 48]


L1: [0, 1, 2, 3, 4, 5, 6, 7, 8, 9, 10, 11, 12, 13, 14, 15, 16, 17, 18, 19, 20, 21, 22, 23, 24, 25, 26, 27, 28, 29, 30, 31, 32, 33, 34, 35, 36, 37, 38, 39, 40, 41, 42, 43, 44, 45, 46, 47, 48, 49, 50, 51, 52, 53, 54, 55, 56, 57, 58, 59, 60, 61, 62, 63]
L2: [0, 1, 2, 3, 4, 5, 6, 7, 8, 9, 10, 11, 12, 13, 14, 15, 16, 17, 18, 19, 20, 21, 22, 23, 24, 25, 26, 27, 28, 29, 30, 31, 32, 33, 34, 35, 36, 37, 38, 39, 40, 41, 42, 43, 44, 45, 46, 47, 48, 49, 50, 51, 52, 53, 54, 55, 56, 57, 58, 59, 60, 61, 62, 63]
A: [0, 0, 0, 0, 0, 0, 0, 0, 0, 0, 0, 0, 0, 0, 0, 0, 0, 0, 0, 0, 0, 0, 0, 0, 0, 0, 0, 0, 0, 0, 0, 0, 0, 0, 0, 0, 0, 0, 0, 0, 0, 0, 0, 0, 0, 0, 0, 0, 0, 0, 0, 0, 0, 0, 0, 0, 0, 0, 0, 0, 0, 0, 0, 0]


L1: [0, 12, 35, 47, 11, 7, 40, 36, 37, 41, 6, 10, 46, 34, 13, 1, 30, 18, 61, 49, 21, 25, 54, 58, 59, 55, 24, 20, 48, 60, 19, 31, 33, 45, 2, 14, 42, 38, 9, 5, 4, 8, 39, 43, 15, 3, 44, 32, 63, 51, 28, 16, 52, 56, 23, 27, 26, 22, 57, 53, 17, 29, 50, 62]
L2: [0, 22, 24, 14, 61, 43, 37, 51, 26, 12, 2, 20, 39, 49, 63, 41, 62, 40, 38, 48, 3, 21, 27, 13, 36, 50, 60, 42, 25, 15, 1, 23, 28, 10, 4, 18, 33, 55, 57, 47, 6, 16, 30, 8, 59, 45, 35, 53, 34, 52, 58, 44, 31, 9, 7, 17, 56, 46, 32, 54, 5, 19, 29, 11]
A: [0, 9, 33, 40, 38, 47, 7, 14, 56, 49, 25, 16, 30, 23, 63, 54, 2, 11, 35, 42, 36, 45, 5, 12, 58, 51, 27, 18, 28, 21, 61, 52, 55, 62, 22, 31, 17, 24, 48, 57, 15, 6, 46, 39, 41, 32, 8, 1, 53, 60, 20, 29, 19, 26, 50, 59, 13, 4, 44, 37, 43, 34, 10, 3]


